<?xml version="1.0" encoding="UTF-8"?>
<testng-results skipped="0" failed="0" ignored="0" total="1" passed="1">
  <reporter-output>
  </reporter-output>
  <suite name="Default suite" duration-ms="7995" started-at="2021-03-03T04:29:11Z" finished-at="2021-03-03T04:29:19Z">
    <groups>
    </groups>
    <test name="Default test" duration-ms="7995" started-at="2021-03-03T04:29:11Z" finished-at="2021-03-03T04:29:19Z">
      <class name="testCases.ExecuteTest">
        <test-method status="PASS" signature="testLogin()[pri:0, instance:testCases.ExecuteTest@55f3ddb1]" name="testLogin" duration-ms="7956" started-at="2021-03-03T04:29:11Z" finished-at="2021-03-03T04:29:19Z">
          <reporter-output>
          </reporter-output>
        </test-method> <!-- testLogin -->
      </class> <!-- testCases.ExecuteTest -->
    </test> <!-- Default test -->
  </suite> <!-- Default suite -->
</testng-results>
